C51 COMPILER V8.06   LED                                                                   12/12/2017 23:00:33 PAGE 1   


C51 COMPILER V8.06, COMPILATION OF MODULE LED
OBJECT MODULE PLACED IN LED.OBJ
COMPILER INVOKED BY: D:\Program Files\keil\C51\BIN\C51.EXE LED.c BROWSE DEBUG OBJECTEXTEND

line level    source

   1          #include "head.h"
   2          void ledShow(int n)
   3          {
   4   1              uchar ledCode[]={0x3f,0x06,0x5b,0x4f,0x66,0x6d,0x7d,0x07,0x7f,0x6f,0x77,0x7c,0x39,0x5e,0x79,0x71};
   5   1              //uchar ledCode[]={0x55,0xaa,0xaa,0x55,0x55,0xaa,0xaa,0x55,0x55,0xaa,0xaa,0x55,0x55,0xaa,0xaa,0x55};
   6   1              uchar i,dat;
   7   1              if(n<0)
   8   1              {
   9   2                      dat=ledCode[9];
  10   2                      dat=dat|0x80;
  11   2              }
  12   1              else if(n>9)
  13   1              {
  14   2                      n%=10;
  15   2                      dat=ledCode[n];
  16   2                      dat=dat|0x80;
  17   2              }
  18   1              else
  19   1              {
  20   2                      //n%=10;
  21   2                      dat=ledCode[n];
  22   2              }
  23   1              for(i=0;i<8;i++)
  24   1              {
  25   2                      CLK=0;
  26   2                      LED=dat&0x80;
  27   2                      dat=dat<<1;
  28   2                      CLK=1;
  29   2              }
  30   1              sCLK=0;
  31   1              nop();
  32   1              nop();
  33   1              sCLK=1;
  34   1      }


MODULE INFORMATION:   STATIC OVERLAYABLE
   CODE SIZE        =    114    ----
   CONSTANT SIZE    =     16    ----
   XDATA SIZE       =   ----    ----
   PDATA SIZE       =   ----    ----
   DATA SIZE        =   ----      19
   IDATA SIZE       =   ----    ----
   BIT SIZE         =   ----    ----
END OF MODULE INFORMATION.


C51 COMPILATION COMPLETE.  0 WARNING(S),  0 ERROR(S)
